  Source.cpp
D:\university\cg-cource\lw3\newProj\Project1\Project1\Source.cpp(137,1): warning C4305: аргумент: усечение из "double" в "GLfloat"
D:\university\cg-cource\lw3\newProj\Project1\Project1\Source.cpp(138,1): warning C4305: аргумент: усечение из "double" в "float"
D:\university\cg-cource\lw3\newProj\Project1\Project1\Source.cpp(140,1): warning C4305: аргумент: усечение из "double" в "GLfloat"
D:\university\cg-cource\lw3\newProj\Project1\Project1\Source.cpp(141,1): warning C4305: аргумент: усечение из "double" в "float"
D:\university\cg-cource\lw3\newProj\Project1\Project1\Source.cpp(143,1): warning C4305: аргумент: усечение из "double" в "float"
D:\university\cg-cource\lw3\newProj\Project1\Project1\Source.cpp(144,1): warning C4305: аргумент: усечение из "double" в "GLfloat"
D:\university\cg-cource\lw3\newProj\Project1\Project1\Source.cpp(145,1): warning C4305: аргумент: усечение из "double" в "float"
D:\university\cg-cource\lw3\newProj\Project1\Project1\Source.cpp(149,1): warning C4305: аргумент: усечение из "double" в "GLfloat"
D:\university\cg-cource\lw3\newProj\Project1\Project1\Source.cpp(150,1): warning C4305: аргумент: усечение из "double" в "float"
D:\university\cg-cource\lw3\newProj\Project1\Project1\Source.cpp(151,1): warning C4305: аргумент: усечение из "double" в "float"
D:\university\cg-cource\lw3\newProj\Project1\Project1\Source.cpp(154,1): warning C4305: аргумент: усечение из "double" в "float"
D:\university\cg-cource\lw3\newProj\Project1\Project1\Source.cpp(155,1): warning C4305: аргумент: усечение из "double" в "float"
D:\university\cg-cource\lw3\newProj\Project1\Project1\Source.cpp(156,1): warning C4305: аргумент: усечение из "double" в "float"
D:\university\cg-cource\lw3\newProj\Project1\Project1\Source.cpp(157,1): warning C4305: аргумент: усечение из "double" в "float"
D:\university\cg-cource\lw3\newProj\Project1\Project1\Source.cpp(160,1): warning C4305: аргумент: усечение из "double" в "GLfloat"
D:\university\cg-cource\lw3\newProj\Project1\Project1\Source.cpp(161,1): warning C4305: аргумент: усечение из "double" в "float"
D:\university\cg-cource\lw3\newProj\Project1\Project1\Source.cpp(162,1): warning C4305: аргумент: усечение из "double" в "float"
D:\university\cg-cource\lw3\newProj\Project1\Project1\Source.cpp(163,1): warning C4305: аргумент: усечение из "double" в "float"
D:\university\cg-cource\lw3\newProj\Project1\Project1\Source.cpp(164,1): warning C4305: аргумент: усечение из "double" в "float"
D:\university\cg-cource\lw3\newProj\Project1\Project1\Source.cpp(167,1): warning C4305: аргумент: усечение из "double" в "GLfloat"
D:\university\cg-cource\lw3\newProj\Project1\Project1\Source.cpp(168,1): warning C4305: аргумент: усечение из "double" в "float"
D:\university\cg-cource\lw3\newProj\Project1\Project1\Source.cpp(169,1): warning C4305: аргумент: усечение из "double" в "float"
D:\university\cg-cource\lw3\newProj\Project1\Project1\Source.cpp(170,1): warning C4305: аргумент: усечение из "double" в "float"
D:\university\cg-cource\lw3\newProj\Project1\Project1\Source.cpp(172,1): warning C4305: аргумент: усечение из "double" в "float"
D:\university\cg-cource\lw3\newProj\Project1\Project1\Source.cpp(174,1): warning C4305: аргумент: усечение из "double" в "GLfloat"
D:\university\cg-cource\lw3\newProj\Project1\Project1\Source.cpp(175,1): warning C4305: аргумент: усечение из "double" в "float"
D:\university\cg-cource\lw3\newProj\Project1\Project1\Source.cpp(176,1): warning C4305: аргумент: усечение из "double" в "GLfloat"
D:\university\cg-cource\lw3\newProj\Project1\Project1\Source.cpp(177,1): warning C4305: аргумент: усечение из "double" в "float"
D:\university\cg-cource\lw3\newProj\Project1\Project1\Source.cpp(178,1): warning C4305: аргумент: усечение из "double" в "float"
D:\university\cg-cource\lw3\newProj\Project1\Project1\Source.cpp(179,1): warning C4305: аргумент: усечение из "double" в "float"
D:\university\cg-cource\lw3\newProj\Project1\Project1\Source.cpp(180,1): warning C4305: аргумент: усечение из "double" в "float"
D:\university\cg-cource\lw3\newProj\Project1\Project1\Source.cpp(181,1): warning C4305: аргумент: усечение из "double" в "float"
D:\university\cg-cource\lw3\newProj\Project1\Project1\Source.cpp(182,1): warning C4305: аргумент: усечение из "double" в "float"
D:\university\cg-cource\lw3\newProj\Project1\Project1\Source.cpp(183,1): warning C4305: аргумент: усечение из "double" в "GLfloat"
D:\university\cg-cource\lw3\newProj\Project1\Project1\Source.cpp(184,1): warning C4305: аргумент: усечение из "double" в "float"
D:\university\cg-cource\lw3\newProj\Project1\Project1\Source.cpp(185,1): warning C4305: аргумент: усечение из "double" в "float"
D:\university\cg-cource\lw3\newProj\Project1\Project1\Source.cpp(187,1): warning C4305: аргумент: усечение из "double" в "float"
D:\university\cg-cource\lw3\newProj\Project1\Project1\Source.cpp(190,1): warning C4305: аргумент: усечение из "double" в "GLfloat"
D:\university\cg-cource\lw3\newProj\Project1\Project1\Source.cpp(191,1): warning C4305: аргумент: усечение из "double" в "float"
D:\university\cg-cource\lw3\newProj\Project1\Project1\Source.cpp(192,1): warning C4305: аргумент: усечение из "double" в "float"
D:\university\cg-cource\lw3\newProj\Project1\Project1\Source.cpp(193,1): warning C4305: аргумент: усечение из "double" в "float"
D:\university\cg-cource\lw3\newProj\Project1\Project1\Source.cpp(194,1): warning C4305: аргумент: усечение из "double" в "float"
D:\university\cg-cource\lw3\newProj\Project1\Project1\Source.cpp(198,1): warning C4305: аргумент: усечение из "double" в "float"
D:\university\cg-cource\lw3\newProj\Project1\Project1\Source.cpp(199,1): warning C4305: аргумент: усечение из "double" в "GLfloat"
D:\university\cg-cource\lw3\newProj\Project1\Project1\Source.cpp(200,1): warning C4305: аргумент: усечение из "double" в "float"
D:\university\cg-cource\lw3\newProj\Project1\Project1\Source.cpp(201,1): warning C4305: аргумент: усечение из "double" в "GLfloat"
D:\university\cg-cource\lw3\newProj\Project1\Project1\Source.cpp(202,1): warning C4305: аргумент: усечение из "double" в "float"
D:\university\cg-cource\lw3\newProj\Project1\Project1\Source.cpp(203,1): warning C4305: аргумент: усечение из "double" в "float"
D:\university\cg-cource\lw3\newProj\Project1\Project1\Source.cpp(204,1): warning C4305: аргумент: усечение из "double" в "float"
D:\university\cg-cource\lw3\newProj\Project1\Project1\Source.cpp(205,1): warning C4305: аргумент: усечение из "double" в "GLfloat"
D:\university\cg-cource\lw3\newProj\Project1\Project1\Source.cpp(206,1): warning C4305: аргумент: усечение из "double" в "float"
D:\university\cg-cource\lw3\newProj\Project1\Project1\Source.cpp(207,1): warning C4305: аргумент: усечение из "double" в "GLfloat"
D:\university\cg-cource\lw3\newProj\Project1\Project1\Source.cpp(208,1): warning C4305: аргумент: усечение из "double" в "float"
LINK : warning LNK4098: библиотека по умолчанию "MSVCRT" конфликтует с использованием других библиотек; используйте /NODEFAULTLIB:library
  Project1.vcxproj -> D:\university\cg-cource\lw3\newProj\Project1\x64\Debug\Project1.exe
